<?xml version="1.0" encoding="UTF-8"?>
<testng-results ignored="0" total="1" passed="1" failed="0" skipped="0">
  <reporter-output>
  </reporter-output>
  <suite started-at="2023-02-19T20:13:34 IST" name="Default suite" finished-at="2023-02-19T20:13:42 IST" duration-ms="7984">
    <groups>
    </groups>
    <test started-at="2023-02-19T20:13:34 IST" name="Default test" finished-at="2023-02-19T20:13:42 IST" duration-ms="7984">
      <class name="common.utils.BaseClass">
        <test-method is-config="true" signature="setup()[pri:0, instance:common.utils.BaseClass@694abbdc]" started-at="2023-02-19T20:13:34 IST" name="setup" finished-at="2023-02-19T20:13:41 IST" duration-ms="7743" status="PASS">
          <reporter-output>
          </reporter-output>
        </test-method> <!-- setup -->
        <test-method signature="googleSearch()[pri:0, instance:common.utils.BaseClass@694abbdc]" started-at="2023-02-19T20:13:41 IST" name="googleSearch" finished-at="2023-02-19T20:13:41 IST" duration-ms="10" status="PASS">
          <reporter-output>
          </reporter-output>
        </test-method> <!-- googleSearch -->
        <test-method is-config="true" signature="tearDown()[pri:0, instance:common.utils.BaseClass@694abbdc]" started-at="2023-02-19T20:13:41 IST" name="tearDown" finished-at="2023-02-19T20:13:42 IST" duration-ms="190" status="PASS">
          <reporter-output>
          </reporter-output>
        </test-method> <!-- tearDown -->
      </class> <!-- common.utils.BaseClass -->
    </test> <!-- Default test -->
  </suite> <!-- Default suite -->
</testng-results>
